<?xml version="1.0" encoding="UTF-8"?>
<testsuite name="br.com.linketinder.utils.DatabaseUtilsTest" tests="9" skipped="0" failures="0" errors="0" timestamp="2024-04-18T01:54:06" hostname="cassio-Aspire-A515-51" time="3.862">
  <properties/>
  <testcase name="obterCompetenciasIdPorNomeTest()" classname="br.com.linketinder.utils.DatabaseUtilsTest" time="2.723"/>
  <testcase name="competenciasCandidatoTest()" classname="br.com.linketinder.utils.DatabaseUtilsTest" time="0.157"/>
  <testcase name="obterPaisIdPorNomeTest()" classname="br.com.linketinder.utils.DatabaseUtilsTest" time="0.128"/>
  <testcase name="obterEmpresaIdPorNomeTest()" classname="br.com.linketinder.utils.DatabaseUtilsTest" time="0.108"/>
  <testcase name="competenciasVagaTest()" classname="br.com.linketinder.utils.DatabaseUtilsTest" time="0.099"/>
  <testcase name="obterIdCandidatoRecenteTest()" classname="br.com.linketinder.utils.DatabaseUtilsTest" time="0.283"/>
  <testcase name="converterParaSQLDateTest()" classname="br.com.linketinder.utils.DatabaseUtilsTest" time="0.086"/>
  <testcase name="obterEstadoIdPorNomeTest()" classname="br.com.linketinder.utils.DatabaseUtilsTest" time="0.083"/>
  <testcase name="obterIdVagaRecenteTest()" classname="br.com.linketinder.utils.DatabaseUtilsTest" time="0.186"/>
  <system-out><![CDATA[]]></system-out>
  <system-err><![CDATA[]]></system-err>
</testsuite>
