<?xml version="1.0" encoding="UTF-8"?>
<testsuite name="br.com.linketinder.cadastro.TesteCadastro" tests="1" skipped="0" failures="0" errors="0" timestamp="2024-03-31T18:49:54" hostname="cassio-Aspire-A515-51" time="0.124">
  <properties/>
  <testcase name="testaCadastroEmpresa()" classname="br.com.linketinder.cadastro.TesteCadastro" time="0.124"/>
  <system-out><![CDATA[]]></system-out>
  <system-err><![CDATA[]]></system-err>
</testsuite>
