<?xml version="1.0" encoding="UTF-8"?>
<testsuite name="br.com.linketinder.dao.VagaDAOTest" tests="4" skipped="0" failures="0" errors="0" timestamp="2024-05-06T01:26:12" hostname="cassio-Aspire-A515-51" time="0.145">
  <properties/>
  <testcase name="alterar()" classname="br.com.linketinder.dao.VagaDAOTest" time="0.08"/>
  <testcase name="inserirTest()" classname="br.com.linketinder.dao.VagaDAOTest" time="0.057"/>
  <testcase name="removerTest()" classname="br.com.linketinder.dao.VagaDAOTest" time="0.003"/>
  <testcase name="listarTest()" classname="br.com.linketinder.dao.VagaDAOTest" time="0.002"/>
  <system-out><![CDATA[]]></system-out>
  <system-err><![CDATA[]]></system-err>
</testsuite>
