<?xml version="1.0" encoding="UTF-8"?>
<testsuite name="br.com.linketinder.dao.CompetenciaDAOTest" tests="6" skipped="0" failures="0" errors="0" timestamp="2024-04-20T15:44:45" hostname="cassio-Aspire-A515-51" time="1.409">
  <properties/>
  <testcase name="inserirCandidatoCompetenciaTest()" classname="br.com.linketinder.dao.CompetenciaDAOTest" time="1.29"/>
  <testcase name="inserirVagaCompetenciaTest()" classname="br.com.linketinder.dao.CompetenciaDAOTest" time="0.011"/>
  <testcase name="alterarTest()" classname="br.com.linketinder.dao.CompetenciaDAOTest" time="0.018"/>
  <testcase name="removerTest()" classname="br.com.linketinder.dao.CompetenciaDAOTest" time="0.008"/>
  <testcase name="listarTest()" classname="br.com.linketinder.dao.CompetenciaDAOTest" time="0.07"/>
  <testcase name="inserir()" classname="br.com.linketinder.dao.CompetenciaDAOTest" time="0.009"/>
  <system-out><![CDATA[]]></system-out>
  <system-err><![CDATA[]]></system-err>
</testsuite>
