<?xml version="1.0" encoding="UTF-8"?>
<testsuite name="br.com.linketinder.utils.DAOUtilsTest" tests="9" skipped="0" failures="0" errors="0" timestamp="2024-05-06T01:26:12" hostname="cassio-Aspire-A515-51" time="1.134">
  <properties/>
  <testcase name="obterCompetenciasIdPorNomeTest()" classname="br.com.linketinder.utils.DAOUtilsTest" time="0.112"/>
  <testcase name="competenciasCandidatoTest()" classname="br.com.linketinder.utils.DAOUtilsTest" time="0.079"/>
  <testcase name="obterPaisIdPorNomeTest()" classname="br.com.linketinder.utils.DAOUtilsTest" time="0.092"/>
  <testcase name="obterEmpresaIdPorNomeTest()" classname="br.com.linketinder.utils.DAOUtilsTest" time="0.062"/>
  <testcase name="competenciasVagaTest()" classname="br.com.linketinder.utils.DAOUtilsTest" time="0.077"/>
  <testcase name="obterIdCandidatoRecenteTest()" classname="br.com.linketinder.utils.DAOUtilsTest" time="0.305"/>
  <testcase name="converterParaSQLDateTest()" classname="br.com.linketinder.utils.DAOUtilsTest" time="0.041"/>
  <testcase name="obterEstadoIdPorNomeTest()" classname="br.com.linketinder.utils.DAOUtilsTest" time="0.056"/>
  <testcase name="obterIdVagaRecenteTest()" classname="br.com.linketinder.utils.DAOUtilsTest" time="0.302"/>
  <system-out><![CDATA[]]></system-out>
  <system-err><![CDATA[]]></system-err>
</testsuite>
